<?xml version="1.0" encoding="utf-8"?><testsuites name="pytest tests"><testsuite name="pytest" errors="0" failures="0" skipped="0" tests="3" time="0.116" timestamp="2026-04-19T20:20:15.126119+00:00" hostname="agent-env-9b3b8d4c-5d1d-4ed0-bb28-715f0b6d73ba"><testcase classname="tests.test_health.TestHealth" name="test_health_endpoint_returns_200" time="0.005" /><testcase classname="tests.test_health.TestHealth" name="test_health_endpoint_returns_json" time="0.002" /><testcase classname="tests.test_health.TestHealth" name="test_health_endpoint_has_required_fields" time="0.002" /></testsuite></testsuites>